0 info it worked if it ends with ok
1 verbose cli [ '/Users/ismael/.nvm/versions/node/v6.12.0/bin/node',
1 verbose cli   '/Users/ismael/.nvm/versions/node/v6.12.0/bin/npm',
1 verbose cli   '--prefix',
1 verbose cli   '/Users/ismael/projects/bikopuerta/functions',
1 verbose cli   'run',
1 verbose cli   'lint' ]
2 info using npm@3.10.10
3 info using node@v6.12.0
4 verbose run-script [ 'prelint', 'lint', 'postlint' ]
5 info lifecycle authorized-https-endpoint-functions@~prelint: authorized-https-endpoint-functions@
6 silly lifecycle authorized-https-endpoint-functions@~prelint: no script for prelint, continuing
7 info lifecycle authorized-https-endpoint-functions@~lint: authorized-https-endpoint-functions@
8 verbose lifecycle authorized-https-endpoint-functions@~lint: unsafe-perm in lifecycle true
9 verbose lifecycle authorized-https-endpoint-functions@~lint: PATH: /Users/ismael/.nvm/versions/node/v6.12.0/lib/node_modules/npm/bin/node-gyp-bin:/Users/ismael/projects/bikopuerta/functions/node_modules/.bin:/Users/ismael/.rvm/gems/ruby-2.2.4/bin:/Users/ismael/.rvm/gems/ruby-2.2.4@global/bin:/Users/ismael/.rvm/rubies/ruby-2.2.4/bin:/Users/ismael/.nvm/versions/node/v6.12.0/bin:/usr/local/opt/icu4c/bin:/usr/local/sbin:/usr/local/bin:/usr/bin:/bin:/usr/sbin:/sbin:/Users/ismael/.rvm/gems/ruby-2.2.4/bin:/Users/ismael/.rvm/gems/ruby-2.2.4@global/bin:/Users/ismael/.rvm/rubies/ruby-2.2.4/bin:/usr/local/opt/icu4c/bin:/usr/local/sbin:/Users/ismael/.rvm/bin
10 verbose lifecycle authorized-https-endpoint-functions@~lint: CWD: /Users/ismael/projects/bikopuerta/functions
11 silly lifecycle authorized-https-endpoint-functions@~lint: Args: [ '-c', 'eslint --max-warnings=0 .' ]
12 info lifecycle authorized-https-endpoint-functions@~lint: Failed to exec lint script
13 verbose stack Error: authorized-https-endpoint-functions@ lint: `eslint --max-warnings=0 .`
13 verbose stack spawn ENOENT
13 verbose stack     at ChildProcess.<anonymous> (/Users/ismael/.nvm/versions/node/v6.12.0/lib/node_modules/npm/lib/utils/spawn.js:33:16)
13 verbose stack     at emitTwo (events.js:106:13)
13 verbose stack     at ChildProcess.emit (events.js:191:7)
13 verbose stack     at maybeClose (internal/child_process.js:920:16)
13 verbose stack     at Process.ChildProcess._handle.onexit (internal/child_process.js:230:5)
14 verbose pkgid authorized-https-endpoint-functions@
15 verbose cwd /Users/ismael/projects/bikopuerta
16 error Darwin 17.5.0
17 error argv "/Users/ismael/.nvm/versions/node/v6.12.0/bin/node" "/Users/ismael/.nvm/versions/node/v6.12.0/bin/npm" "--prefix" "/Users/ismael/projects/bikopuerta/functions" "run" "lint"
18 error node v6.12.0
19 error npm  v3.10.10
20 error file sh
21 error code ELIFECYCLE
22 error errno ENOENT
23 error syscall spawn
24 error authorized-https-endpoint-functions@ lint: `eslint --max-warnings=0 .`
24 error spawn ENOENT
25 error Failed at the authorized-https-endpoint-functions@ lint script 'eslint --max-warnings=0 .'.
25 error Make sure you have the latest version of node.js and npm installed.
25 error If you do, this is most likely a problem with the authorized-https-endpoint-functions package,
25 error not with npm itself.
25 error Tell the author that this fails on your system:
25 error     eslint --max-warnings=0 .
25 error You can get information on how to open an issue for this project with:
25 error     npm bugs authorized-https-endpoint-functions
25 error Or if that isn't available, you can get their info via:
25 error     npm owner ls authorized-https-endpoint-functions
25 error There is likely additional logging output above.
26 verbose exit [ 1, true ]
